BUILDING: kabanero/pipelines-index:SNAPSHOT
Sending build context to Docker daemon  48.13kB
Step 1/13 : FROM registry.access.redhat.com/ubi8/ubi-minimal
 ---> db39bd4846dc
Step 2/13 : LABEL name="pipelies-index"       vendor="Kabanero"       version="1"       release="1"       summary="Nginx container to host Kabanero pipelines"       description="Nginx container to host Kabanero pipelines"
 ---> Running in 83961726970e
Removing intermediate container 83961726970e
 ---> 23c0ae7c860b
Step 3/13 : COPY nginx/nginx.repo  /etc/yum.repos.d/nginx.repo
 ---> 1426d2752220
Step 4/13 : RUN microdnf install nginx findutils     && mkdir /var/cache/nginx     && chown -R nginx:0 /var/log/nginx/ /var/cache/nginx /usr/share/nginx     && chmod -R g=u /var/log/nginx/ /var/cache/nginx /usr/share/nginx     && mkdir /licenses     && cp /usr/share/doc/nginx*/* /licenses
 ---> Running in acf46a3b8df5
[91m
(process:6): librhsm-WARNING **: 15:58:54.852: Found 0 entitlement certificates
[0m[91m
(process:6): librhsm-WARNING **: 15:58:54.861: Found 0 entitlement certificates
[0m[91m
(process:6): libdnf-WARNING **: 15:58:54.864: Loading "/etc/dnf/dnf.conf": IniParser: Can't open file
[0mDownloading metadata...
Downloading metadata...
Downloading metadata...
Downloading metadata...
Package                                                                     Repository          Size
Installing:                                                                                         
 acl-2.2.53-1.el8.x86_64                                                    ubi-8-baseos     83.0 kB
 cracklib-2.9.6-15.el8.x86_64                                               ubi-8-baseos     95.5 kB
 cracklib-dicts-2.9.6-15.el8.x86_64                                         ubi-8-baseos      4.1 MB
 cryptsetup-libs-2.2.0-2.el8.x86_64                                         ubi-8-baseos    432.1 kB
 dbus-1:1.12.8-9.el8.x86_64                                                 ubi-8-baseos     41.4 kB
 dbus-common-1:1.12.8-9.el8.noarch                                          ubi-8-baseos     46.2 kB
 dbus-daemon-1:1.12.8-9.el8.x86_64                                          ubi-8-baseos    246.7 kB
 dbus-libs-1:1.12.8-9.el8.x86_64                                            ubi-8-baseos    188.2 kB
 dbus-tools-1:1.12.8-9.el8.x86_64                                           ubi-8-baseos     87.3 kB
 dejavu-fonts-common-2.35-6.el8.noarch                                      ubi-8-baseos     76.0 kB
 dejavu-sans-fonts-2.35-6.el8.noarch                                        ubi-8-baseos      1.6 MB
 device-mapper-8:1.02.163-5.el8.x86_64                                      ubi-8-baseos    380.0 kB
 device-mapper-libs-8:1.02.163-5.el8.x86_64                                 ubi-8-baseos    412.8 kB
 diffutils-3.6-5.el8.x86_64                                                 ubi-8-baseos    367.9 kB
 elfutils-default-yama-scope-0.176-5.el8.noarch                             ubi-8-baseos     48.1 kB
 elfutils-libs-0.176-5.el8.x86_64                                           ubi-8-baseos    328.9 kB
 findutils-1:4.6.0-20.el8.x86_64                                            ubi-8-baseos    540.8 kB
 fontconfig-2.13.1-3.el8.x86_64                                             ubi-8-baseos    281.3 kB
 fontpackages-filesystem-1.44-22.el8.noarch                                 ubi-8-baseos     16.3 kB
 freetype-2.9.1-4.el8.x86_64                                                ubi-8-baseos    402.7 kB
 gd-2.2.5-6.el8.x86_64                                                      ubi-8-appstream 147.1 kB
 gdbm-libs-1:1.18-1.el8.x86_64                                              ubi-8-baseos     62.0 kB
 gzip-1.9-9.el8.x86_64                                                      ubi-8-baseos    170.9 kB
 iptables-libs-1.8.2-16.el8.x86_64                                          ubi-8-baseos    101.1 kB
 jbigkit-libs-2.1-14.el8.x86_64                                             ubi-8-appstream  56.0 kB
 kmod-libs-25-13.el8.x86_64                                                 ubi-8-baseos     70.7 kB
 libX11-1.6.7-1.el8.x86_64                                                  ubi-8-appstream 626.9 kB
 libX11-common-1.6.7-1.el8.noarch                                           ubi-8-appstream 161.1 kB
 libXau-1.0.8-13.el8.x86_64                                                 ubi-8-appstream  36.4 kB
 libXpm-3.5.12-7.el8.x86_64                                                 ubi-8-appstream  59.4 kB
 libfdisk-2.32.1-17.el8.x86_64                                              ubi-8-baseos    255.0 kB
 libjpeg-turbo-1.5.3-10.el8.x86_64                                          ubi-8-appstream 159.2 kB
 libnsl2-1.2.0-2.20180605git4a062cf.el8.x86_64                              ubi-8-baseos     59.1 kB
 libpcap-14:1.9.0-3.el8.x86_64                                              ubi-8-baseos    164.1 kB
 libpng-2:1.6.34-5.el8.x86_64                                               ubi-8-baseos    129.0 kB
 libpwquality-1.4.0-9.el8.x86_64                                            ubi-8-baseos    105.0 kB
 libseccomp-2.4.1-1.el8.x86_64                                              ubi-8-baseos     66.4 kB
 libsemanage-2.9-1.el8.x86_64                                               ubi-8-baseos    168.8 kB
 libtiff-4.0.9-15.el8.x86_64                                                ubi-8-appstream 192.3 kB
 libtirpc-1.1.4-4.el8.x86_64                                                ubi-8-baseos    115.5 kB
 libutempter-1.1.6-14.el8.x86_64                                            ubi-8-baseos     32.6 kB
 libwebp-1.0.0-1.el8.x86_64                                                 ubi-8-appstream 279.9 kB
 libxcb-1.13-5.el8.x86_64                                                   ubi-8-appstream 235.8 kB
 libxkbcommon-0.8.2-1.el8.x86_64                                            ubi-8-appstream 118.7 kB
 libxslt-1.1.32-3.el8.x86_64                                                ubi-8-baseos    255.3 kB
 nginx-1:1.14.1-9.module+el8.0.0+4108+af250afe.x86_64                       ubi-8-appstream 583.6 kB
 nginx-all-modules-1:1.14.1-9.module+el8.0.0+4108+af250afe.noarch           ubi-8-appstream  24.1 kB
 nginx-filesystem-1:1.14.1-9.module+el8.0.0+4108+af250afe.noarch            ubi-8-appstream  25.0 kB
 nginx-mod-http-image-filter-1:1.14.1-9.module+el8.0.0+4108+af250afe.x86_64 ubi-8-appstream  35.7 kB
 nginx-mod-http-perl-1:1.14.1-9.module+el8.0.0+4108+af250afe.x86_64         ubi-8-appstream  46.6 kB
 nginx-mod-http-xslt-filter-1:1.14.1-9.module+el8.0.0+4108+af250afe.x86_64  ubi-8-appstream  34.3 kB
 nginx-mod-mail-1:1.14.1-9.module+el8.0.0+4108+af250afe.x86_64              ubi-8-appstream  65.6 kB
 nginx-mod-stream-1:1.14.1-9.module+el8.0.0+4108+af250afe.x86_64            ubi-8-appstream  87.5 kB
 openssl-1:1.1.1c-2.el8.x86_64                                              ubi-8-baseos    702.4 kB
 pam-1.3.1-4.el8.x86_64                                                     ubi-8-baseos    752.0 kB
 perl-Carp-1.42-396.el8.noarch                                              ubi-8-baseos     30.9 kB
 perl-Errno-1.28-416.el8.x86_64                                             ubi-8-baseos     77.5 kB
 perl-Exporter-5.72-396.el8.noarch                                          ubi-8-baseos     34.8 kB
 perl-File-Path-2.15-2.el8.noarch                                           ubi-8-baseos     39.0 kB
 perl-IO-1.38-416.el8.x86_64                                                ubi-8-baseos    144.8 kB
 perl-PathTools-3.74-1.el8.x86_64                                           ubi-8-baseos     92.2 kB
 perl-Scalar-List-Utils-3:1.49-2.el8.x86_64                                 ubi-8-baseos     69.4 kB
 perl-Socket-4:2.027-3.el8.x86_64                                           ubi-8-baseos     60.2 kB
 perl-Text-Tabs+Wrap-2013.0523-395.el8.noarch                               ubi-8-baseos     24.7 kB
 perl-Unicode-Normalize-1.25-396.el8.x86_64                                 ubi-8-baseos     83.8 kB
 perl-constant-1.33-396.el8.noarch                                          ubi-8-baseos     26.0 kB
 perl-interpreter-4:5.26.3-416.el8.x86_64                                   ubi-8-baseos      6.6 MB
 perl-libs-4:5.26.3-416.el8.x86_64                                          ubi-8-baseos      1.6 MB
 perl-macros-4:5.26.3-416.el8.x86_64                                        ubi-8-baseos     73.4 kB
 perl-parent-1:0.237-1.el8.noarch                                           ubi-8-baseos     20.5 kB
 perl-threads-1:2.21-2.el8.x86_64                                           ubi-8-baseos     62.7 kB
 perl-threads-shared-1.58-2.el8.x86_64                                      ubi-8-baseos     48.8 kB
 shadow-utils-2:4.6-8.el8.x86_64                                            ubi-8-baseos      1.3 MB
 systemd-239-18.el8_1.4.x86_64                                              ubi-8-baseos      3.6 MB
 systemd-pam-239-18.el8_1.4.x86_64                                          ubi-8-baseos    237.4 kB
 util-linux-2.32.1-17.el8.x86_64                                            ubi-8-baseos      2.6 MB
 xkeyboard-config-2.24-3.el8.noarch                                         ubi-8-appstream 847.9 kB
Upgrading:                                                                                          
 systemd-libs-239-18.el8_1.4.x86_64                                         ubi-8-baseos    575.5 kB
Transaction Summary:
 Installing:       77 packages
 Reinstalling:      0 packages
 Upgrading:         1 packages
 Removing:          0 packages
 Downgrading:       0 packages
Downloading packages...
Running transaction test...
Installing: perl-Carp;1.42-396.el8;noarch;ubi-8-baseos
Installing: perl-Exporter;5.72-396.el8;noarch;ubi-8-baseos
Installing: perl-libs;4:5.26.3-416.el8;x86_64;ubi-8-baseos
Updating: systemd-libs;239-18.el8_1.4;x86_64;ubi-8-baseos
Installing: perl-Scalar-List-Utils;3:1.49-2.el8;x86_64;ubi-8-baseos
Installing: dbus-libs;1:1.12.8-9.el8;x86_64;ubi-8-baseos
Installing: libjpeg-turbo;1.5.3-10.el8;x86_64;ubi-8-appstream
Installing: libpng;2:1.6.34-5.el8;x86_64;ubi-8-baseos
Installing: freetype;2.9.1-4.el8;x86_64;ubi-8-baseos
Installing: libtirpc;1.1.4-4.el8;x86_64;ubi-8-baseos
Installing: fontpackages-filesystem;1.44-22.el8;noarch;ubi-8-baseos
Installing: dejavu-fonts-common;2.35-6.el8;noarch;ubi-8-baseos
Installing: dejavu-sans-fonts;2.35-6.el8;noarch;ubi-8-baseos
Installing: fontconfig;2.13.1-3.el8;x86_64;ubi-8-baseos
Installing: libnsl2;1.2.0-2.20180605git4a062cf.el8;x86_64;ubi-8-baseos
Installing: dbus-tools;1:1.12.8-9.el8;x86_64;ubi-8-baseos
Installing: perl-parent;1:0.237-1.el8;noarch;ubi-8-baseos
Installing: perl-macros;4:5.26.3-416.el8;x86_64;ubi-8-baseos
Installing: libXau;1.0.8-13.el8;x86_64;ubi-8-appstream
Installing: (null)
Installing: libxcb;1.13-5.el8;x86_64;ubi-8-appstream
Installing: (null)
Installing: xkeyboard-config;2.24-3.el8;noarch;ubi-8-appstream
Installing: (null)
Installing: libxkbcommon;0.8.2-1.el8;x86_64;ubi-8-appstream
Installing: libwebp;1.0.0-1.el8;x86_64;ubi-8-appstream
Installing: (null)
Installing: jbigkit-libs;2.1-14.el8;x86_64;ubi-8-appstream
Installing: (null)
Installing: libtiff;4.0.9-15.el8;x86_64;ubi-8-appstream
Installing: (null)
Installing: libX11-common;1.6.7-1.el8;noarch;ubi-8-appstream
Installing: (null)
Installing: libX11;1.6.7-1.el8;x86_64;ubi-8-appstream
Installing: libXpm;3.5.12-7.el8;x86_64;ubi-8-appstream
Installing: (null)
Installing: gd;2.2.5-6.el8;x86_64;ubi-8-appstream
Installing: (null)
Installing: dbus-common;1:1.12.8-9.el8;noarch;ubi-8-baseos
Installing: (null)
Installing: kmod-libs;25-13.el8;x86_64;ubi-8-baseos
Installing: (null)
Installing: acl;2.2.53-1.el8;x86_64;ubi-8-baseos
Installing: (null)
Installing: libfdisk;2.32.1-17.el8;x86_64;ubi-8-baseos
Installing: (null)
Installing: diffutils;3.6-5.el8;x86_64;ubi-8-baseos
Installing: (null)
Installing: libpcap;14:1.9.0-3.el8;x86_64;ubi-8-baseos
Installing: (null)
Installing: iptables-libs;1.8.2-16.el8;x86_64;ubi-8-baseos
Installing: (null)
Installing: libseccomp;2.4.1-1.el8;x86_64;ubi-8-baseos
Installing: (null)
Installing: gdbm-libs;1:1.18-1.el8;x86_64;ubi-8-baseos
Installing: (null)
Installing: perl-threads;1:2.21-2.el8;x86_64;ubi-8-baseos
Installing: (null)
Installing: perl-threads-shared;1.58-2.el8;x86_64;ubi-8-baseos
Installing: (null)
Installing: perl-Errno;1.28-416.el8;x86_64;ubi-8-baseos
Installing: (null)
Installing: perl-Socket;4:2.027-3.el8;x86_64;ubi-8-baseos
Installing: (null)
Installing: perl-Text-Tabs+Wrap;2013.0523-395.el8;noarch;ubi-8-baseos
Installing: (null)
Installing: perl-Unicode-Normalize;1.25-396.el8;x86_64;ubi-8-baseos
Installing: (null)
Installing: perl-File-Path;2.15-2.el8;noarch;ubi-8-baseos
Installing: (null)
Installing: perl-IO;1.38-416.el8;x86_64;ubi-8-baseos
Installing: perl-PathTools;3.74-1.el8;x86_64;ubi-8-baseos
Installing: (null)
Installing: perl-constant;1.33-396.el8;noarch;ubi-8-baseos
Installing: (null)
Installing: perl-interpreter;4:5.26.3-416.el8;x86_64;ubi-8-baseos
Installing: (null)
Installing: gzip;1.9-9.el8;x86_64;ubi-8-baseos
Installing: (null)
Installing: cracklib;2.9.6-15.el8;x86_64;ubi-8-baseos
Installing: (null)
Installing: cracklib-dicts;2.9.6-15.el8;x86_64;ubi-8-baseos
Installing: (null)
Installing: libpwquality;1.4.0-9.el8;x86_64;ubi-8-baseos
Installing: (null)
Installing: pam;1.3.1-4.el8;x86_64;ubi-8-baseos
Installing: (null)
Installing: libsemanage;2.9-1.el8;x86_64;ubi-8-baseos
Installing: (null)
Installing: shadow-utils;2:4.6-8.el8;x86_64;ubi-8-baseos
Installing: (null)
Installing: libutempter;1.1.6-14.el8;x86_64;ubi-8-baseos
Installing: (null)
Installing: util-linux;2.32.1-17.el8;x86_64;ubi-8-baseos
Installing: (null)
Installing: dbus-daemon;1:1.12.8-9.el8;x86_64;ubi-8-baseos
Installing: (null)
Installing: device-mapper;8:1.02.163-5.el8;x86_64;ubi-8-baseos
Installing: (null)
Installing: device-mapper-libs;8:1.02.163-5.el8;x86_64;ubi-8-baseos
Installing: (null)
Installing: cryptsetup-libs;2.2.0-2.el8;x86_64;ubi-8-baseos
Installing: (null)
Installing: elfutils-default-yama-scope;0.176-5.el8;noarch;ubi-8-baseos
Installing: (null)
Installing: elfutils-libs;0.176-5.el8;x86_64;ubi-8-baseos
Installing: (null)
Installing: systemd-pam;239-18.el8_1.4;x86_64;ubi-8-baseos
Installing: (null)
Installing: systemd;239-18.el8_1.4;x86_64;ubi-8-baseos
Installing: (null)
Installing: dbus;1:1.12.8-9.el8;x86_64;ubi-8-baseos
Installing: (null)
Installing: nginx-filesystem;1:1.14.1-9.module+el8.0.0+4108+af250afe;noarch;ubi-8-appstream
Installing: (null)
Installing: libxslt;1.1.32-3.el8;x86_64;ubi-8-baseos
Installing: (null)
Installing: openssl;1:1.1.1c-2.el8;x86_64;ubi-8-baseos
Installing: (null)
Installing: nginx-mod-stream;1:1.14.1-9.module+el8.0.0+4108+af250afe;x86_64;ubi-8-appstream
Installing: (null)
Installing: nginx-mod-http-xslt-filter;1:1.14.1-9.module+el8.0.0+4108+af250afe;x86_64;ubi-8-appstream
Installing: (null)
Installing: nginx-mod-http-perl;1:1.14.1-9.module+el8.0.0+4108+af250afe;x86_64;ubi-8-appstream
Installing: (null)
Installing: nginx-mod-mail;1:1.14.1-9.module+el8.0.0+4108+af250afe;x86_64;ubi-8-appstream
Installing: (null)
Installing: nginx;1:1.14.1-9.module+el8.0.0+4108+af250afe;x86_64;ubi-8-appstream
Installing: (null)
Installing: nginx-mod-http-image-filter;1:1.14.1-9.module+el8.0.0+4108+af250afe;x86_64;ubi-8-appstream
Installing: (null)
Installing: nginx-all-modules;1:1.14.1-9.module+el8.0.0+4108+af250afe;noarch;ubi-8-appstream
Installing: (null)
Installing: findutils;1:4.6.0-20.el8;x86_64;ubi-8-baseos
Installing: (null)
Cleanup: systemd-libs;239-18.el8_1.2;x86_64;installed
Installing: (null)
Installing: (null)
Complete.
Removing intermediate container acf46a3b8df5
 ---> 16c3b476e2dd
Step 5/13 : COPY nginx/nginx.conf  /etc/nginx/nginx.conf
 ---> 0276c210eb94
Step 6/13 : COPY nginx/nginx-ssl.conf  /etc/nginx/nginx-ssl.conf
 ---> 4adb44413a62
Step 7/13 : COPY nginx/startup.sh  /opt/startup.sh
 ---> aee8d7dd9f8e
Step 8/13 : COPY assets            /opt/www/public
 ---> bd9ede177e20
Step 9/13 : EXPOSE 8080
 ---> Running in 10788444a805
Removing intermediate container 10788444a805
 ---> deaab1c19e4a
Step 10/13 : EXPOSE 8443
 ---> Running in ebff9ba052c6
Removing intermediate container ebff9ba052c6
 ---> f7c5ec484830
Step 11/13 : RUN touch /var/run/nginx.pid &&   chown -R nginx:0 /var/run/nginx.pid /var/cache/nginx /opt/www/public /etc/nginx /run &&   chmod -R g=u /opt/www/public /var/cache/nginx /etc/nginx /var/run/nginx.pid /run
 ---> Running in 9b90268eca9f
Removing intermediate container 9b90268eca9f
 ---> 7b98f0b9868e
Step 12/13 : USER nginx
 ---> Running in 7fe8e0123dc9
Removing intermediate container 7fe8e0123dc9
 ---> 48b9de528d4c
Step 13/13 : ENTRYPOINT ["/opt/startup.sh"]
 ---> Running in a6de13ae9043
Removing intermediate container a6de13ae9043
 ---> c09bc6aa4923
Successfully built c09bc6aa4923
Successfully tagged kabanero/pipelines-index:latest
Successfully tagged kabanero/pipelines-index:SNAPSHOT
